<?xml version="1.0" encoding="UTF-8"?>
<!-- Generated by org.testng.reporters.JUnitXMLReporter -->
<testsuite ignored="0" hostname="Yudas-MacBook-Pro.local" failures="1" tests="2" name="Surefire test" time="25.703" errors="0" timestamp="2025-01-08T17:19:45 WIB">
  <testcase classname="com.altonaut.tests.login.LoginTest" name="testLoginFail" time="3.451">
    <failure type="java.lang.AssertionError" message="Expected error message: &amp;apos;The user name and/or password that you have inputted is incorrect. Please make check and try again failed.&amp;apos; but got: &amp;apos;The user name and/or password that you have inputted is incorrect. Please make check and try again.&amp;apos;">
      <![CDATA[java.lang.AssertionError: Expected error message: 'The user name and/or password that you have inputted is incorrect. Please make check and try again failed.' but got: 'The user name and/or password that you have inputted is incorrect. Please make check and try again.'
at com.altonaut.modules.login.assertions.LoginAssertions.assertLoginFailed(LoginAssertions.java:15)
at com.altonaut.tests.login.LoginTest.testLoginFail(LoginTest.java:28)
at java.base/java.util.ArrayList.forEach(ArrayList.java:1597)
... Removed 30 stack frames]]>
    </failure>
  </testcase> <!-- testLoginFail -->
  <testcase classname="com.altonaut.tests.login.LoginTest" name="testLoginPass" time="3.416"/>
</testsuite> <!-- Surefire test -->
