-------------------------------------------------------------------------------
Test set: com.altonaut.tests.login.LoginTest
-------------------------------------------------------------------------------
Tests run: 2, Failures: 1, Errors: 0, Skipped: 0, Time elapsed: 30.945 s <<< FAILURE! - in com.altonaut.tests.login.LoginTest
com.altonaut.tests.login.LoginTest.testLoginFail  Time elapsed: 3.453 s  <<< FAILURE!
java.lang.AssertionError: Expected error message: 'The user name and/or password that you have inputted is incorrect. Please make check and try again failed.' but got: 'The user name and/or password that you have inputted is incorrect. Please make check and try again.'
	at com.altonaut.tests.login.LoginTest.testLoginFail(LoginTest.java:28)

