<?xml version="1.0" encoding="UTF-8"?>
<testsuite xmlns:xsi="http://www.w3.org/2001/XMLSchema-instance" xsi:noNamespaceSchemaLocation="https://maven.apache.org/surefire/maven-surefire-plugin/xsd/surefire-test-report-3.0.xsd" version="3.0" name="com.altonaut.tests.login.LoginTest" time="22.219" tests="1" errors="0" skipped="0" failures="0">
  <properties>
[...]
</properties>
  <testcase name="testLogin" classname="com.altonaut.tests.login.LoginTest" time="3.49">
    <system-out><![CDATA[Login test executed successfully.
]]></system-out>
    <system-err><![CDATA[SLF4J: Failed to load class "org.slf4j.impl.StaticLoggerBinder".
SLF4J: Defaulting to no-operation (NOP) logger implementation
SLF4J: See http://www.slf4j.org/codes.html#StaticLoggerBinder for further details.
1736306652731	geckodriver	INFO	Listening on 127.0.0.1:56088
1736306658039	mozrunner::runner	INFO	Running command: MOZ_CRASHREPORTER="1" MOZ_CRASHREPORTER_NO_REPORT="1" MOZ_CRASHREPORTER_SHUTDOWN="1" MOZ_NO_REMOTE="1" "/opt ... alhost:51228/" "-foreground" "-no-remote" "-profile" "/var/folders/7g/20qdwlpn7pjfqtzml7j2_3v00000gn/T/rust_mozprofileH6J50c"
console.warn: services.settings: Ignoring preference override of remote settings server
console.warn: services.settings: Allow by setting MOZ_REMOTE_SETTINGS_DEVTOOLS=1 in the environment
1736306658278	Marionette	INFO	Marionette enabled
console.error: "Warning: unrecognized command line flag" "-remote-allow-hosts"
console.error: "Warning: unrecognized command line flag" "-remote-allow-origins"
1736306658523	Marionette	INFO	Listening on port 62679
WebDriver BiDi listening on ws://127.0.0.1:51228
Read port: 62679
1736306658640	RemoteAgent	WARN	TLS certificate errors will be ignored for this session
2025-01-08 10:24:18.891 firefox[7271:4198793] +[IMKClient subclass]: chose IMKClient_Modern
2025-01-08 10:24:18.891 firefox[7271:4198793] +[IMKInputSession subclass]: chose IMKInputSession_Modern
UNSUPPORTED (log once): POSSIBLE ISSUE: unit 1 GLD_TEXTURE_INDEX_2D is unloadable and bound to sampler type (Float) - using zero texture because texture unloadable
Jan 08, 2025 10:24:19 AM org.openqa.selenium.remote.ProtocolHandshake createSession
INFO: Detected upstream dialect: W3C
]]></system-err>
  </testcase>
</testsuite>