<?xml version="1.0" encoding="UTF-8"?>
<testng-results ignored="0" total="1" passed="1" failed="0" skipped="0">
  <reporter-output>
  </reporter-output>
  <suite started-at="2025-01-08T10:24:11 WIB" name="Surefire suite" finished-at="2025-01-08T10:24:28 WIB" duration-ms="16982">
    <groups>
    </groups>
    <test started-at="2025-01-08T10:24:11 WIB" name="Surefire test" finished-at="2025-01-08T10:24:28 WIB" duration-ms="16982">
      <class name="com.altonaut.tests.login.LoginTest">
        <test-method is-config="true" signature="setUpTest()[pri:0, instance:com.altonaut.tests.login.LoginTest@6ab7a896]" started-at="2025-01-08T10:24:11 WIB" name="setUpTest" finished-at="2025-01-08T10:24:24 WIB" duration-ms="12895" status="PASS">
          <reporter-output>
          </reporter-output>
        </test-method> <!-- setUpTest -->
        <test-method signature="testLogin()[pri:0, instance:com.altonaut.tests.login.LoginTest@6ab7a896]" started-at="2025-01-08T10:24:24 WIB" name="testLogin" finished-at="2025-01-08T10:24:27 WIB" duration-ms="3491" status="PASS">
          <reporter-output>
          </reporter-output>
        </test-method> <!-- testLogin -->
        <test-method is-config="true" signature="tearDownTest()[pri:0, instance:com.altonaut.tests.login.LoginTest@6ab7a896]" started-at="2025-01-08T10:24:27 WIB" name="tearDownTest" finished-at="2025-01-08T10:24:28 WIB" duration-ms="573" status="PASS">
          <reporter-output>
          </reporter-output>
        </test-method> <!-- tearDownTest -->
      </class> <!-- com.altonaut.tests.login.LoginTest -->
    </test> <!-- Surefire test -->
  </suite> <!-- Surefire suite -->
</testng-results>
